                    ******************************************************
                    ***             My Quantum Chemistry               ***
                    ***               version: develop                 ***
                    ***                 Mengyuan Wu                    ***
                    ***  University of Science and Technology Beijing  ***
                    ***       Email: wumengyuan@xs.ustb.edu.cn         ***
                    ******************************************************
                      /\_/\                   *                    /\_/\  
                     ( o.o )                 ***                  ( o.o ) 
                      > ^ <                 *****                  > ^ <  
                     /  |  \               *******                /  |  \ 
                     /_ | _\                 | |                  /_ | _\ 
                    ******************************************************
 INPUT file : INPUT.inp                                                                       
 OUTPUT file : OUTPUT.log                                                                      
 ==================================================================================================
                                            ```INPUT```
 Task title:Hello water !                                                                   
 System type:WINDOWS                                                                         
 ENERGY
 ccsd(t)
 MOLECULE
  charge:           0  spin multiplicity:           1
  Coordinates (bohr):
                        X                        Y                        Z
           8   0.0000000000000000        0.0000000000000000        0.0000000000000000     
           1   0.0000000000000000        0.0000000000000000        2.0579117587000000     
           1   1.9923624133000000        0.0000000000000000      -0.51525995449999995     
 method_S           1
 method_T           1
 method_V           2
 method_ERI           4
 basis name: sto-3g                                                                          
 basis file path: .\basis\sto-3g                                                                  
 ==================================================================================================
                                        ```Structure```
 Alpha eletron :           5 Beta eletron :           5
 Closed shell
ATOM
Natom:   3      Nelectron:  10                              Coordinates(bohr)
         NUB   SYMBAL       NZ                    X                 Y                 Z
           1    O            8            0.000000000000      0.000000000000      0.000000000000
           2    H            1            0.000000000000      0.000000000000      2.057911758700
           3    H            1            1.992362413300      0.000000000000     -0.515259954500
                                                          Coordinates(Angstroms)
         NUB   SYMBAL       NZ                    X                 Y                 Z
           1    O            8            0.000000000000      0.000000000000      0.000000000000
           2    H            1            0.000000000000      0.000000000000      1.088999999397
           3    H            1            1.054312779792      0.000000000000     -0.272663824271
 --------------------------------------------------------------------------------------------------
 Interatomic Distances
           i           j        Rij(bohr)              Rij(Angstroms)
           2           1   2.0579117587000000        1.0889999993966093     
           3           1   2.0579117587112288        1.0889999994025514     
           3           2   3.2543387425932204        1.7221218906680127     
 Interatomic Distances Matrix(Angstroms)
                    1                    2                    3
      1      0.000000000E+00
      2      0.108900000E+01      0.000000000E+00
      3      0.108900000E+01      0.172212189E+01      0.000000000E+00
 --------------------------------------------------------------------------------------------------
 Bond Angles
           i           j           k     angle(Radian)              angle(degrees)
           3           2           1  0.65886179262741218        37.749999999974378     
 ==================================================================================================
                                        ```Basis Set```
 Basis set:sto-3g                                                                          
 Basis set file path: .\basis\sto-3g                                                                  
 --------------------------------------------------------------------------------------------------
  center       atom       type   kgf         Exponent(s)           Contraction coefficient(s)
       1        O          S 
                                  1        130.709321399999993          0.154328967300000
                                  2         23.808866049999999          0.535328142300000
                                  3          6.443608313000000          0.444634542200000
       1        O          SP
                                  4          5.033151319000000         -0.099967229190000
                                  5          1.169596125000000          0.399512826100000
                                  6          0.380388960000000          0.700115468900000
                                  7          5.033151319000000          0.155916275000000
                                  8          1.169596125000000          0.607683718600000
                                  9          0.380388960000000          0.391957393100000
       2        H          S 
                                 10          3.425250914000000          0.154328967300000
                                 11          0.623913729800000          0.535328142300000
                                 12          0.168855404000000          0.444634542200000
       3        H          S 
                                 13          3.425250914000000          0.154328967300000
                                 14          0.623913729800000          0.535328142300000
                                 15          0.168855404000000          0.444634542200000
 -----------------------------------------------------------------------------------------------------------
                              SHELL
SHELL:   4
BASIS FUNCTION(Cartesian):   7
BASIS FUNCTION(Spherical):   7
PRIMITIVE GAUSSIAN FUNCTION:  15
   NUB       TYPE     TYPSYM       ATOM       Nbas      basst      based       NPGF      pgfst      pgfed
     1          1         S           1          1          1          1          3          1          3
     2         12         SP          1          4          2          5          6          4          9
     3          1         S           2          1          6          6          3         10         12
     4          1         S           3          1          7          7          3         13         15
 ===============================================================================================================
                                          ``` Result```
 Nuclear repulsion energy (a.u.)
  Enuc=   8.0821538383844853     
 ----------------------------------------------------------------------------------------------------------------
                                      **********************
                                      ONE ELECTRON INTEGRALS
                                      **********************
                                S: Gauss-Hermite numerical integration
 Overlap    
                    1                    2                    3                    4                    5
      1      0.100000000E+01
      2      0.236703921E+00      0.100000000E+01
      3      0.000000000E+00      0.000000000E+00      0.100000000E+01
      4      0.000000000E+00      0.000000000E+00      0.000000000E+00      0.100000000E+01
      5      0.000000000E+00      0.000000000E+00      0.000000000E+00      0.000000000E+00      0.100000000E+01
      6      0.394249496E-01      0.392586872E+00      0.000000000E+00      0.000000000E+00      0.344860766E+00
      7      0.394249496E-01      0.392586872E+00      0.333876137E+00      0.000000000E+00     -0.863462401E-01
                    6                    7
      6      0.100000000E+01
      7      0.184974932E+00      0.100000000E+01
 ----------------------------------------------------------------------------------------------------------------
                                              T: Direct method
 Kinetic   
                    1                    2                    3                    4                    5
      1      0.290032041E+02
      2     -0.168010961E+00      0.808127903E+00
      3      0.000000000E+00      0.000000000E+00      0.252873123E+01
      4      0.000000000E+00      0.000000000E+00      0.000000000E+00      0.252873123E+01
      5      0.000000000E+00      0.000000000E+00      0.000000000E+00      0.000000000E+00      0.252873123E+01
      6     -0.822059269E-02      0.742848701E-01      0.000000000E+00      0.000000000E+00      0.193280627E+00
      7     -0.822059269E-02      0.742848701E-01      0.187124183E+00      0.000000000E+00     -0.483936041E-01
                    6                    7
      6      0.760031880E+00
      7     -0.354125481E-02      0.760031880E+00
 ----------------------------------------------------------------------------------------------------------------
                                           NAI: Dupuis-Rys-King Method
 NUCLEAR ATTRACTION   
                    1                    2                    3                    4                    5
      1      0.615903182E+02
      2      0.741312194E+01      0.100183459E+02
      3      0.116113521E-01      0.141610986E+00      0.997003498E+01
      4      0.000000000E+00      0.000000000E+00      0.000000000E+00      0.988361732E+01
      5      0.899046938E-02      0.109646941E+00     -0.223491252E-01      0.000000000E+00      0.998159473E+01
      6      0.126511728E+01      0.303903135E+01      0.388927971E-01      0.000000000E+00      0.238257503E+01
      7      0.126511728E+01      0.303903135E+01      0.231642237E+01      0.000000000E+00     -0.558895176E+00
                    6                    7
      6      0.533670779E+01
      7      0.109421782E+01      0.533670779E+01
 ----------------------------------------------------------------------------------------------------------------
                                                     Hcore=T-V
 Core Hamiltonian  
                    1                    2                    3                    4                    5
      1     -0.325871141E+02
      2     -0.758113290E+01     -0.921021801E+01
      3     -0.116113521E-01     -0.141610986E+00     -0.744130375E+01
      4      0.000000000E+00      0.000000000E+00      0.000000000E+00     -0.735488609E+01
      5     -0.899046938E-02     -0.109646941E+00      0.223491252E-01      0.000000000E+00     -0.745286350E+01
      6     -0.127333787E+01     -0.296474648E+01     -0.388927971E-01      0.000000000E+00     -0.218929440E+01
      7     -0.127333787E+01     -0.296474648E+01     -0.212929819E+01      0.000000000E+00      0.510501572E+00
                    6                    7
      6     -0.457667591E+01
      7     -0.109775907E+01     -0.457667591E+01
 ----------------------------------------------------------------------------------------------------------------
                                         Multipole matrices(X)
                    1                    2                    3                    4                    5
      1      0.000000000E+00
      2      0.000000000E+00      0.000000000E+00
      3      0.507919283E-01      0.641172858E+00      0.000000000E+00
      4      0.000000000E+00      0.000000000E+00      0.000000000E+00      0.000000000E+00
      5      0.000000000E+00      0.000000000E+00      0.000000000E+00      0.000000000E+00      0.000000000E+00
      6      0.000000000E+00      0.000000000E+00      0.253033373E+00      0.000000000E+00      0.000000000E+00
      7      0.281362354E-02      0.325610026E+00      0.538901552E+00      0.000000000E+00     -0.739305380E-01
                    6                    7
      6      0.000000000E+00
      7      0.184268551E+00      0.199236241E+01
 ----------------------------------------------------------------------------------------------------------------
                                         Multipole matrices(Y)
                    1                    2                    3                    4                    5
      1      0.000000000E+00
      2      0.000000000E+00      0.000000000E+00
      3      0.000000000E+00      0.000000000E+00      0.000000000E+00
      4      0.507919283E-01      0.641172858E+00      0.000000000E+00      0.000000000E+00
      5      0.000000000E+00      0.000000000E+00      0.000000000E+00      0.000000000E+00      0.000000000E+00
      6      0.000000000E+00      0.000000000E+00      0.000000000E+00      0.253033373E+00      0.000000000E+00
      7      0.000000000E+00      0.000000000E+00      0.000000000E+00      0.253033373E+00      0.000000000E+00
                    6                    7
      6      0.000000000E+00
      7      0.000000000E+00      0.000000000E+00
 ----------------------------------------------------------------------------------------------------------------
                                         Multipole matrices(Z)
                    1                    2                    3                    4                    5
      1      0.000000000E+00
      2      0.000000000E+00      0.000000000E+00
      3      0.000000000E+00      0.000000000E+00      0.000000000E+00
      4      0.000000000E+00      0.000000000E+00      0.000000000E+00      0.000000000E+00
      5      0.507919283E-01      0.641172858E+00      0.000000000E+00      0.000000000E+00      0.000000000E+00
      6      0.290619264E-02      0.336322698E+00      0.000000000E+00      0.000000000E+00      0.558021289E+00
      7     -0.727652524E-03     -0.842084784E-01     -0.739305380E-01      0.000000000E+00      0.272153110E+00
                    6                    7
      6      0.205791176E+01
      7      0.142675956E+00     -0.515259955E+00
 2e INT time :   6.2500000000000000E-002 s
 2e INT time :   4.6999998390674591E-002 s
 ----------------------------------------------------------------------------------------------------------------
                                      **********************
                                      TWO ELECTRON INTEGRALS
                                      **********************
 neri(all)= 406
 neri(nozero)=         206
 The storage space of storing ERI  requires approximately 
 size        3248 B   3.1718750000000000      Kb   3.0975341796875000E-003 Mb   3.0249357223510742E-006 Gb
 =============================================================================================================
                             ***  Self-consistent field (SCF) procedure ***
 Guess: core Hamiltonian
 DIIS: on       Number of diis matrix:            7
 damp: 0.10
 --------------------------------------------------------------------------------------------------
                                   *****************
                                   *SCF Iterations *
                                   *****************
 E0=  -74.129771760737839      Enuc=   8.0821538383844853      Etol0=  -66.047617922353353     
 --------------------------------------------------------------------------------------------------
  Cycle            E                 E(old)                 delt E                    rms
 --------------------------------------------------------------------------------------------------
   1   -98.1177043933422368   -66.0476179223533535   -32.0700864709888833    10.3827922526708818
   2   -74.2568935783587136   -98.1177043933422368    23.8608108149835232     5.3618561493308956
   3   -74.7351088857610506   -74.2568935783587136    -0.4782153074023370     1.4126183595563024
   4   -74.9165388180469591   -74.7351088857610506    -0.1814299322859085     0.5482929482882127
   5   -74.9393203437202260   -74.9165388180469591    -0.0227815256732669     0.2616361447991930
   6   -74.9444938322490088   -74.9393203437202260    -0.0051734885287829     0.1389338697898712
   7   -74.9445870602223323   -74.9444938322490088    -0.0000932279733235     0.1593920362014123
   8   -74.9459976924958227   -74.9445870602223323    -0.0014106322734904     0.0145651312428780
   9   -74.9457166200419351   -74.9459976924958227     0.0002810724538875     0.0015098111224746
  10   -74.9457404524139434   -74.9457166200419351    -0.0000238323720083     0.0001896062339112
  11   -74.9457398215316886   -74.9457404524139434     0.0000006308822549     0.0000306023218315
  12   -74.9457398853141115   -74.9457398215316886    -0.0000000637824229     0.0000040214162041
  13   -74.9457398557827901   -74.9457398853141115     0.0000000295313214     0.0000006305577959
  14   -74.9457398608120542   -74.9457398557827901    -0.0000000050292641     0.0000001618798284
  15   -74.9457398622506901   -74.9457398608120542    -0.0000000014386359     0.0000000190662285
  16   -74.9457398628580478   -74.9457398622506901    -0.0000000006073577     0.0000000032227726
  17   -74.9457398629325127   -74.9457398628580478    -0.0000000000744649     0.0000000004192518
 --------------------------------------------------------------------------------------------------
 SCF Done
  After  17  cycles
  Final Hartree-Fock Energy :  -74.945739862932513      A.U.
  The SCF convergence threshold of E :   1.0000000000000009E-009 A.U.
  The SCF convergence threshold of RMS :   1.0000000000000009E-009 A.U.
 --------------------------------------------------------------------------------------------------------
 Molecular orbital combination coefficients C :
               1                   2                   3                   4                   5
  1    -0.994413044E+00    -0.238650651E+00    -0.117143580E-11     0.943562820E-01    -0.149671181E-13
  2    -0.242553166E-01     0.881900123E+00     0.615211800E-11    -0.483770441E+00     0.797500411E-13
  3    -0.255457167E-02     0.700419198E-01     0.371064854E+00     0.593614045E+00    -0.520235206E-13
  4     0.113045940E-15    -0.871429748E-15     0.331766841E-12     0.125857913E-12     0.100000000E+01
  5    -0.197796072E-02     0.542322487E-01    -0.479236900E+00     0.459625102E+00    -0.560336767E-13
  6     0.468874121E-02     0.145502106E+00    -0.452378847E+00     0.325501526E+00     0.260469241E-12
  7     0.468874121E-02     0.145502106E+00     0.452378847E+00     0.325501526E+00    -0.380005265E-12
               6                   7
  1     0.113404561E+00     0.290712878E-11
  2    -0.684711392E+00    -0.189849658E-10
  3    -0.582425231E+00     0.566365156E+00
  4     0.264812676E-13    -0.230651506E-12
  5    -0.450961797E+00    -0.731470735E+00
  6     0.715991025E+00     0.738745597E+00
  7     0.715991025E+00    -0.738745597E+00
 --------------------------------------------------------------------------------------------------------
 orbital energy (EigenValues):
 occupied orbitals :           1 ~           5
    -20.260528276501     -1.212883536504     -0.553544477578     -0.436838909022     -0.387214089611
 virtual orbitals :           6 ~           7
      0.485607027695      0.600061303687
 HOMO : -0.38721408961098752      index :           5
 LOMO :  0.48560702769498604      index :           6
 HOMO-LUMO gap :      0.872821117306  Eh
               =     23.750670062629  eV
               =    547.702326979261  kcal/mol
               =   2190.809307917045  kJ/mol
 --------------------------------------------------------------------------------------------------------
                               *****  SCF Summary *****
 after          17 cycles
 Final results (A.U.)
                          E(HF_tol):      -74.945739862932513
 Energy analysis: 
                             E(nuc):        8.082153838384485
                         E(HF_elec):      -83.027893701316998
                         E(Kinetic):       74.349711768688380
                             E(V1e):     -194.703480592890287
                          E(core)1e:     -120.353768824201850
                             E(V2e):       37.325875122884881
                            E(Vtot):     -149.295451631620892
                                V/T:        2.008016548821312
 SCF time :   0.0000000000000000      s
 SCF time :   0.0000000000000000      s
 ================================================================================
                    *** Population Analysis/Atomic Charges ***
 -----------------------------------------------------------------------------
                    Atomic charges        Mulliken charges on atom
 ATOM           1   8.2611952922397460      -0.26119529223974602     
 ATOM           2  0.86940235387915432       0.13059764612084568     
 ATOM           3  0.86940235388110587       0.13059764611889413     
 Sum of Mulliken charges =     0.0000000000000000     
 -----------------------------------------------------------------------------
                    Atomic charges          Lowdin charges on atom
 ATOM           1   8.1894944889270818      -0.18949448892708176     
 ATOM           2  0.90525275553588402        9.4747244464115976E-002
 ATOM           3  0.90525275553703621        9.4747244462963787E-002
 Sum of Lowdin charges =     0.0000000000000000     
 ================================================================================
                            ***  Dipole moment ***
 -----------------------------------------------------------------------------
        X(A.U.)                    Y(A.U.)                    Z(A.U.)
  0.48122785418975367        0.0000000000000000       0.37260641565570030     
        X(Debye)                   Y(Debye)                   Z(Debye)
   1.2232812053503537        0.0000000000000000       0.94716550859679005     
    Tot =     0.6086179332 A.U.
        =     1.5471067862 Debye
 ================================================================================
                               ***  AO to MO  *** 
 AO to MO INT time :   0.0000000000000000      s
 AO to MO INT time :   0.0000000000000000      s
 ================================================================================
                     ***  MO to spin-orbital  *** 
 MO to spin-orbital time :   0.0000000000000000      s
 MO to spin-orbital time :   0.0000000000000000      s
 ====================================================================================================
 damp: 0.00
 --------------------------------------------------------------------------------------------------
                                   *******************
                                   * CCSD Iterations *
                                   *******************
 CCSD initial energy:  -4.7875071798483347E-002 a.u.
 --------------------------------------------------------------------------------------------------
  Cycle          Ecc               Ecc(old)                 delt E                    rms
 --------------------------------------------------------------------------------------------------
   1    -0.0611150440630285     0.0000000000000000    -0.0611150440630285     0.0257226339225528
   2    -0.0655996961608623    -0.0611150440630285    -0.0044846520978338     0.0130480548444551
   3    -0.0673520473585963    -0.0655996961608623    -0.0017523511977340     0.0076344974025975
   4    -0.0680967398723702    -0.0673520473585963    -0.0007446925137739     0.0047420683779697
   5    -0.0684293321374480    -0.0680967398723702    -0.0003325922650778     0.0028332524358070
   6    -0.0685830267202795    -0.0684293321374480    -0.0001536945828315     0.0016559201914392
   7    -0.0686560404321140    -0.0685830267202795    -0.0000730137118345     0.0009543532705809
   8    -0.0686915907704466    -0.0686560404321140    -0.0000355503383326     0.0005448383591792
   9    -0.0687092943127005    -0.0686915907704466    -0.0000177035422540     0.0003090085218497
  10    -0.0687182917246735    -0.0687092943127005    -0.0000089974119729     0.0001744490118263
  11    -0.0687229473068148    -0.0687182917246735    -0.0000046555821414     0.0000981649402720
  12    -0.0687253936876654    -0.0687229473068148    -0.0000024463808505     0.0000551131212707
  13    -0.0687266958798127    -0.0687253936876654    -0.0000013021921473     0.0000308932508839
  14    -0.0687273963862502    -0.0687266958798127    -0.0000007005064376     0.0000172979684942
  15    -0.0687277764346523    -0.0687273963862502    -0.0000003800484021     0.0000096783327199
  16    -0.0687279840187304    -0.0687277764346523    -0.0000002075840780     0.0000054123604957
  17    -0.0687280980042513    -0.0687279840187304    -0.0000001139855209     0.0000030257192810
  18    -0.0687281608534195    -0.0687280980042513    -0.0000000628491682     0.0000016911364248
  19    -0.0687281956183907    -0.0687281608534195    -0.0000000347649712     0.0000009450894845
  20    -0.0687282148963806    -0.0687281956183907    -0.0000000192779899     0.0000005281243761
  21    -0.0687282256069914    -0.0687282148963806    -0.0000000107106108     0.0000002951108121
  22    -0.0687282315664928    -0.0687282256069914    -0.0000000059595014     0.0000001649037826
  23    -0.0687282348862232    -0.0687282315664928    -0.0000000033197304     0.0000000921466868
  24    -0.0687282367371132    -0.0687282348862232    -0.0000000018508900     0.0000000514916433
  25    -0.0687282377697720    -0.0687282367371132    -0.0000000010326588     0.0000000287742602
  26    -0.0687282383462264    -0.0687282377697720    -0.0000000005764545     0.0000000160798949
  27    -0.0687282386681509    -0.0687282383462264    -0.0000000003219245     0.0000000089861631
  28    -0.0687282388479899    -0.0687282386681509    -0.0000000001798390     0.0000000050220076
  29    -0.0687282389484803    -0.0687282388479899    -0.0000000001004904     0.0000000028066743
  30    -0.0687282390046435    -0.0687282389484803    -0.0000000000561632     0.0000000015686198
  31    -0.0687282390360376    -0.0687282390046435    -0.0000000000313941     0.0000000008767055
  32    -0.0687282390535884    -0.0687282390360376    -0.0000000000175508     0.0000000004900039
  33    -0.0687282390634011    -0.0687282390535884    -0.0000000000098127     0.0000000002738763
  34    -0.0687282390688878    -0.0687282390634011    -0.0000000000054867     0.0000000001530797
  35    -0.0687282390719559    -0.0687282390688878    -0.0000000000030680     0.0000000000855636
  36    -0.0687282390736716    -0.0687282390719559    -0.0000000000017158     0.0000000000478264
  37    -0.0687282390746311    -0.0687282390736716    -0.0000000000009594     0.0000000000267333
  38    -0.0687282390751676    -0.0687282390746311    -0.0000000000005365     0.0000000000149432
  39    -0.0687282390754677    -0.0687282390751676    -0.0000000000003001     0.0000000000083530
  40    -0.0687282390756355    -0.0687282390754677    -0.0000000000001679     0.0000000000046693
  41    -0.0687282390757294    -0.0687282390756355    -0.0000000000000938     0.0000000000026101
  42    -0.0687282390757819    -0.0687282390757294    -0.0000000000000526     0.0000000000014590
  43    -0.0687282390758113    -0.0687282390757819    -0.0000000000000293     0.0000000000008156
 --------------------------------------------------------------------------------------------------
 CC convergence
  After  43  cycles
  Final CC Energy :  -6.8728239075811257E-002 A.U.
  The CC convergence threshold of E :   1.0000000000000014E-012 A.U.
  The SCF convergence threshold of RMS :   1.0000000000000014E-012 A.U.
 --------------------------------------------------------------------------------------------------
                              *****  CCSD Summary *****
 CCSD Final results (a.u.)
                          E(HF_tol):      -74.945739862932513
                             E(MP2):       -0.047875071798483
                          E(HF+MP2):      -74.993614934730999
                            E(CCSD):       -0.068728239075811
                         E(HF+ECCSD)      -75.014468102008323
 --------------------------------------------------------------------------------------------------
                           *****  CCSD(T) Summary *****
 CCSD Final results (a.u.)
                          E(HF_tol):      -74.945739862932513
                            E(CCSD):       -0.068728239075811
                         E(HF+ECCSD)      -75.014468102008323
                         E(CCSD(T)):       -0.000098047199399
                          E(HF+ECC):      -75.014566149207724
 CCSD time :  0.18750000000000000      s
 CCSD time :  0.18800000101327896      s
 ================================================================================
                              *** Total time *** 
 Start time: 2024.02.20 16:06:50.184
 End time:   2024.02.20 16:06:50.420
 Wall time :   0.0000000000000000      s
 CPU time :  0.25000000000000000      s
 CPU time2 :  0.234999999     s
 -----------------------------------------------------------------------------
                     MQC Program terminated normally !
 ================================================================================
